<?xml version="1.0" encoding="UTF-8"?>
<!-- Generated by org.testng.reporters.JUnitXMLReporter -->
<testsuite ignored="0" hostname="SunilKumarBruce" failures="0" tests="5" name="Checkout / Orders Tests" time="5.338" errors="0" timestamp="2025-10-10T16:21:19 IST">
  <testcase classname="Tests.OrderAPITests" name="CO_01_ViewOrderHistory" time="0.867"/>
  <testcase classname="Tests.OrderAPITests" name="CO_02_PlaceOrder" time="1.074"/>
  <testcase classname="Tests.OrderAPITests" name="CO_03_ReOrder" time="2.486"/>
  <testcase classname="Tests.OrderAPITests" name="CO_04_ReturnOrder" time="0.444"/>
  <testcase classname="Tests.OrderAPITests" name="CO_05_InvalidCheckout" time="0.392"/>
</testsuite> <!-- Checkout / Orders Tests -->
