<?xml version="1.0" encoding="UTF-8"?>
<!-- Generated by org.testng.reporters.JUnitXMLReporter -->
<testsuite ignored="0" hostname="SunilKumarBruce" failures="0" tests="5" name="Checkout / Orders Tests" time="2.193" errors="0" timestamp="2025-10-05T17:28:33 IST">
  <testcase classname="Tests.OrderAPITests" name="CO_01_ViewOrderHistory" time="0.82"/>
  <testcase classname="Tests.OrderAPITests" name="CO_02_PlaceOrder" time="0.331"/>
  <testcase classname="Tests.OrderAPITests" name="CO_03_ReOrder" time="0.316"/>
  <testcase classname="Tests.OrderAPITests" name="CO_04_ReturnOrder" time="0.325"/>
  <testcase classname="Tests.OrderAPITests" name="CO_05_InvalidCheckout" time="0.331"/>
</testsuite> <!-- Checkout / Orders Tests -->
