<?xml version="1.0" encoding="UTF-8"?>
<!-- Generated by org.testng.reporters.JUnitXMLReporter -->
<testsuite ignored="0" hostname="SunilKumarBruce" failures="0" tests="5" name="Product Catalog Tests" time="2.842" errors="0" timestamp="2025-10-05T17:28:28 IST">
  <testcase classname="Tests.ProductAPITests" name="PC_01_AddProduct" time="0.773"/>
  <testcase classname="Tests.ProductAPITests" name="PC_02_EditProduct" time="0.371"/>
  <testcase classname="Tests.ProductAPITests" name="PC_03_GetAllProduct" time="0.924"/>
  <testcase classname="Tests.ProductAPITests" name="PC_04_InvalidSearch" time="0.364"/>
  <testcase classname="Tests.ProductAPITests" name="PC_05_DeleteProduct" time="0.328"/>
</testsuite> <!-- Product Catalog Tests -->
