<?xml version="1.0" encoding="UTF-8"?>
<!-- Generated by org.testng.reporters.JUnitXMLReporter -->
<testsuite ignored="0" hostname="SunilKumarBruce" failures="0" tests="5" name="Product Catalog Tests" time="4.052" errors="0" timestamp="2025-10-10T16:21:08 IST">
  <testcase classname="Tests.ProductAPITests" name="PC_01_AddProduct" time="0.852"/>
  <testcase classname="Tests.ProductAPITests" name="PC_02_EditProduct" time="0.788"/>
  <testcase classname="Tests.ProductAPITests" name="PC_03_GetAllProduct" time="0.807"/>
  <testcase classname="Tests.ProductAPITests" name="PC_04_InvalidSearch" time="0.737"/>
  <testcase classname="Tests.ProductAPITests" name="PC_05_DeleteProduct" time="0.747"/>
</testsuite> <!-- Product Catalog Tests -->
