<?xml version="1.0" encoding="UTF-8"?>
<!-- Generated by org.testng.reporters.JUnitXMLReporter -->
<testsuite ignored="0" hostname="SunilKumarBruce" failures="0" tests="6" name="Shopping Cart Tests" time="2.48" errors="0" timestamp="2025-10-05T17:28:31 IST">
  <testcase classname="Tests.CartAPITests" name="SC_01_AddToCart" time="0.452"/>
  <testcase classname="Tests.CartAPITests" name="SC_02_UpdateQuantity" time="0.378"/>
  <testcase classname="Tests.CartAPITests" name="SC_03_RemoveFromCart" time="0.494"/>
  <testcase classname="Tests.CartAPITests" name="SC_04_ApplyValidCoupon" time="0.379"/>
  <testcase classname="Tests.CartAPITests" name="SC_05_ApplyInvalidCoupon" time="0.334"/>
  <testcase classname="Tests.CartAPITests" name="SC_06_EmptyCartCheckout" time="0.333"/>
</testsuite> <!-- Shopping Cart Tests -->
