<?xml version="1.0" encoding="UTF-8"?>
<!-- Generated by org.testng.reporters.JUnitXMLReporter -->
<testsuite ignored="0" hostname="SunilKumarBruce" failures="0" tests="6" name="Shopping Cart Tests" time="6.231" errors="0" timestamp="2025-10-10T16:21:14 IST">
  <testcase classname="Tests.CartAPITests" name="SC_01_AddToCart" time="1.086"/>
  <testcase classname="Tests.CartAPITests" name="SC_02_UpdateQuantity" time="0.775"/>
  <testcase classname="Tests.CartAPITests" name="SC_03_RemoveFromCart" time="1.308"/>
  <testcase classname="Tests.CartAPITests" name="SC_04_ApplyValidCoupon" time="0.807"/>
  <testcase classname="Tests.CartAPITests" name="SC_05_ApplyInvalidCoupon" time="1.421"/>
  <testcase classname="Tests.CartAPITests" name="SC_06_EmptyCartCheckout" time="0.718"/>
</testsuite> <!-- Shopping Cart Tests -->
