<?xml version="1.0" encoding="UTF-8"?>
<!-- Generated by org.testng.reporters.JUnitXMLReporter -->
<testsuite ignored="0" hostname="SunilKumarBruce" failures="0" tests="3" name="UserManagementTests" time="4.345" errors="0" timestamp="2025-10-04T20:57:20 IST">
  <testcase classname="Tests.UserAPITests" name="UM_01_ValidLogin" time="1.829"/>
  <testcase classname="Tests.UserAPITests" name="UM_02_InvalidLogin" time="0.944"/>
  <testcase classname="Tests.UserAPITests" name="UM_03_NewUserRegistration" time="0.913"/>
</testsuite> <!-- UserManagementTests -->
