<?xml version="1.0" encoding="UTF-8"?>
<!-- Generated by org.testng.reporters.JUnitXMLReporter -->
<testsuite ignored="0" hostname="SunilKumarBruce" failures="0" tests="3" name="UserManagement Tests" time="3.839" errors="0" timestamp="2025-10-05T17:28:25 IST">
  <testcase classname="Tests.UserAPITests" name="UM_01_ValidLogin" time="1.496"/>
  <testcase classname="Tests.UserAPITests" name="UM_02_InvalidLogin" time="0.857"/>
  <testcase classname="Tests.UserAPITests" name="UM_03_NewUserRegistration" time="0.528"/>
</testsuite> <!-- UserManagement Tests -->
