<?xml version="1.0" encoding="UTF-8"?>
<!-- Generated by org.testng.reporters.JUnitXMLReporter -->
<testsuite ignored="0" hostname="SunilKumarBruce" failures="0" tests="3" name="UserManagement Tests" time="5.545" errors="0" timestamp="2025-10-10T16:21:04 IST">
  <testcase classname="Tests.UserAPITests" name="UM_01_ValidLogin" time="1.779"/>
  <testcase classname="Tests.UserAPITests" name="UM_02_InvalidLogin" time="1.749"/>
  <testcase classname="Tests.UserAPITests" name="UM_03_NewUserRegistration" time="0.834"/>
</testsuite> <!-- UserManagement Tests -->
