<?xml version="1.0" encoding="UTF-8"?>
<!-- Generated by org.testng.reporters.JUnitXMLReporter -->
<testsuite ignored="0" hostname="SunilKumarBruce" failures="0" tests="6" name="Default test" time="6.686" errors="0" timestamp="2025-10-04T23:45:14 IST">
  <testcase classname="Tests.ProductAPITests" name="PC_01_AddProduct" time="2.589"/>
  <testcase classname="Tests.ProductAPITests" name="PC_02_EditProduct" time="0.401"/>
  <testcase classname="Tests.ProductAPITests" name="PC_04_SearchProduct" time="1.008"/>
  <testcase classname="Tests.ProductAPITests" name="PC_05_FilterProducts" time="0.932"/>
  <testcase classname="Tests.ProductAPITests" name="PC_06_InvalidSearch" time="0.401"/>
  <testcase classname="Tests.ProductAPITests" name="PC_03_DeleteProduct" time="0.368"/>
</testsuite> <!-- Default test -->
