<?xml version="1.0" encoding="UTF-8"?>
<!-- Generated by org.testng.reporters.JUnitXMLReporter -->
<testsuite ignored="0" hostname="SunilKumarBruce" failures="0" tests="5" name="Default test" time="4.179" errors="0" timestamp="2025-10-05T17:25:08 IST">
  <testcase classname="Tests.OrderAPITests" name="CO_01_ViewOrderHistory" time="1.334"/>
  <testcase classname="Tests.OrderAPITests" name="CO_02_PlaceOrder" time="0.401"/>
  <testcase classname="Tests.OrderAPITests" name="CO_03_ReOrder" time="0.345"/>
  <testcase classname="Tests.OrderAPITests" name="CO_04_ReturnOrder" time="0.342"/>
  <testcase classname="Tests.OrderAPITests" name="CO_05_InvalidCheckout" time="0.676"/>
</testsuite> <!-- Default test -->
