<?xml version="1.0" encoding="UTF-8"?>
<!-- Generated by org.testng.reporters.JUnitReportReporter -->
<testsuite hostname="SunilKumarBruce" failures="0" tests="5" name="Tests.ProductAPITests" time="2.819" errors="0" timestamp="2025-10-05T17:28:33 IST" skipped="0">
  <testcase classname="Tests.ProductAPITests" name="PC_01_AddProduct" time="0.782"/>
  <testcase classname="Tests.ProductAPITests" name="PC_02_EditProduct" time="0.386"/>
  <testcase classname="Tests.ProductAPITests" name="PC_03_GetAllProduct" time="0.936"/>
  <testcase classname="Tests.ProductAPITests" name="PC_04_InvalidSearch" time="0.376"/>
  <testcase classname="Tests.ProductAPITests" name="PC_05_DeleteProduct" time="0.339"/>
</testsuite> <!-- Tests.ProductAPITests -->
