<?xml version="1.0" encoding="UTF-8"?>
<!-- Generated by org.testng.reporters.JUnitReportReporter -->
<testsuite hostname="SunilKumarBruce" failures="0" tests="3" name="Tests.UserAPITests" time="3.137" errors="0" timestamp="2025-10-05T17:28:33 IST" skipped="0">
  <testcase classname="Tests.UserAPITests" name="UM_01_ValidLogin" time="1.508"/>
  <testcase classname="Tests.UserAPITests" name="UM_02_InvalidLogin" time="0.876"/>
  <testcase classname="Tests.UserAPITests" name="UM_03_NewUserRegistration" time="0.753"/>
</testsuite> <!-- Tests.UserAPITests -->
