<?xml version="1.0" encoding="UTF-8"?>
<!-- Generated by org.testng.reporters.JUnitReportReporter -->
<testsuite hostname="SunilKumarBruce" failures="0" tests="6" name="Tests.CartAPITests" time="6.185" errors="0" timestamp="2025-10-10T16:21:19 IST" skipped="0">
  <testcase classname="Tests.CartAPITests" name="SC_01_AddToCart" time="1.093"/>
  <testcase classname="Tests.CartAPITests" name="SC_02_UpdateQuantity" time="0.787"/>
  <testcase classname="Tests.CartAPITests" name="SC_03_RemoveFromCart" time="1.317"/>
  <testcase classname="Tests.CartAPITests" name="SC_04_ApplyValidCoupon" time="0.828"/>
  <testcase classname="Tests.CartAPITests" name="SC_05_ApplyInvalidCoupon" time="1.438"/>
  <testcase classname="Tests.CartAPITests" name="SC_06_EmptyCartCheckout" time="0.722"/>
</testsuite> <!-- Tests.CartAPITests -->
