<?xml version="1.0" encoding="UTF-8"?>
<!-- Generated by org.testng.reporters.JUnitReportReporter -->
<testsuite hostname="SunilKumarBruce" failures="0" tests="5" name="Tests.OrderAPITests" time="5.304" errors="0" timestamp="2025-10-10T16:21:19 IST" skipped="0">
  <testcase classname="Tests.OrderAPITests" name="CO_01_ViewOrderHistory" time="0.873"/>
  <testcase classname="Tests.OrderAPITests" name="CO_02_PlaceOrder" time="1.080"/>
  <testcase classname="Tests.OrderAPITests" name="CO_03_ReOrder" time="2.492"/>
  <testcase classname="Tests.OrderAPITests" name="CO_04_ReturnOrder" time="0.453"/>
  <testcase classname="Tests.OrderAPITests" name="CO_05_InvalidCheckout" time="0.406"/>
</testsuite> <!-- Tests.OrderAPITests -->
