<?xml version="1.0" encoding="UTF-8"?>
<!-- Generated by org.testng.reporters.JUnitReportReporter -->
<testsuite hostname="SunilKumarBruce" failures="0" tests="3" name="Tests.UserAPITests" time="4.645" errors="0" timestamp="2025-10-10T16:21:19 IST" skipped="0">
  <testcase classname="Tests.UserAPITests" name="UM_01_ValidLogin" time="1.791"/>
  <testcase classname="Tests.UserAPITests" name="UM_02_InvalidLogin" time="2.003"/>
  <testcase classname="Tests.UserAPITests" name="UM_03_NewUserRegistration" time="0.851"/>
</testsuite> <!-- Tests.UserAPITests -->
