<?xml version="1.0" encoding="UTF-8"?>
<!-- Generated by org.testng.reporters.JUnitReportReporter -->
<testsuite hostname="SunilKumarBruce" failures="0" tests="5" name="Tests.ProductAPITests" time="4.011" errors="0" timestamp="2025-10-10T16:21:19 IST" skipped="0">
  <testcase classname="Tests.ProductAPITests" name="PC_01_AddProduct" time="0.871"/>
  <testcase classname="Tests.ProductAPITests" name="PC_02_EditProduct" time="0.799"/>
  <testcase classname="Tests.ProductAPITests" name="PC_03_GetAllProduct" time="0.837"/>
  <testcase classname="Tests.ProductAPITests" name="PC_04_InvalidSearch" time="0.745"/>
  <testcase classname="Tests.ProductAPITests" name="PC_05_DeleteProduct" time="0.759"/>
</testsuite> <!-- Tests.ProductAPITests -->
