<?xml version="1.0" encoding="UTF-8"?>
<!-- Generated by org.testng.reporters.JUnitReportReporter -->
<testsuite hostname="SunilKumarBruce" failures="0" tests="6" name="Tests.CartAPITests" time="2.450" errors="0" timestamp="2025-10-05T17:28:33 IST" skipped="0">
  <testcase classname="Tests.CartAPITests" name="SC_01_AddToCart" time="0.470"/>
  <testcase classname="Tests.CartAPITests" name="SC_02_UpdateQuantity" time="0.387"/>
  <testcase classname="Tests.CartAPITests" name="SC_03_RemoveFromCart" time="0.512"/>
  <testcase classname="Tests.CartAPITests" name="SC_04_ApplyValidCoupon" time="0.389"/>
  <testcase classname="Tests.CartAPITests" name="SC_05_ApplyInvalidCoupon" time="0.348"/>
  <testcase classname="Tests.CartAPITests" name="SC_06_EmptyCartCheckout" time="0.344"/>
</testsuite> <!-- Tests.CartAPITests -->
