<?xml version="1.0" encoding="UTF-8"?>
<!-- Generated by org.testng.reporters.JUnitReportReporter -->
<testsuite hostname="SunilKumarBruce" failures="0" tests="5" name="Tests.OrderAPITests" time="2.168" errors="0" timestamp="2025-10-05T17:28:33 IST" skipped="0">
  <testcase classname="Tests.OrderAPITests" name="CO_01_ViewOrderHistory" time="0.836"/>
  <testcase classname="Tests.OrderAPITests" name="CO_02_PlaceOrder" time="0.339"/>
  <testcase classname="Tests.OrderAPITests" name="CO_03_ReOrder" time="0.321"/>
  <testcase classname="Tests.OrderAPITests" name="CO_04_ReturnOrder" time="0.334"/>
  <testcase classname="Tests.OrderAPITests" name="CO_05_InvalidCheckout" time="0.338"/>
</testsuite> <!-- Tests.OrderAPITests -->
